#
# A fatal error has been detected by the Java Runtime Environment:
#
#  EXCEPTION_ACCESS_VIOLATION (0xc0000005) at pc=0x00007ffdb03dfa4a, pid=304, tid=5940
#
# JRE version: OpenJDK Runtime Environment AdoptOpenJDK (11.0.8+10) (build 11.0.8+10)
# Java VM: OpenJDK 64-Bit Server VM AdoptOpenJDK (11.0.8+10, mixed mode, tiered, compressed oops, g1 gc, windows-amd64)
# Problematic frame:
# C  [awt.dll+0x8fa4a]
#
# No core dump will be written. Minidumps are not enabled by default on client versions of Windows
#
# If you would like to submit a bug report, please visit:
#   https://github.com/AdoptOpenJDK/openjdk-support/issues
# The crash happened outside the Java Virtual Machine in native code.
# See problematic frame for where to report the bug.
#

---------------  S U M M A R Y ------------

Command Line: -Dfile.encoding=UTF-8 work2.MySweeper

Host: Intel(R) Core(TM) i7-9700K CPU @ 3.60GHz, 8 cores, 31G,  Windows 10 , 64 bit Build 19041 (10.0.19041.546)
Time: Tue Nov 24 19:13:19 2020 ìåãû (ïWèÄéû) elapsed time: 0 seconds (0d 0h 0m 0s)

---------------  T H R E A D  ---------------

Current thread (0x0000016dca957800):  JavaThread "main" [_thread_in_native, id=5940, stack(0x0000006a46e00000,0x0000006a46f00000)]

Stack: [0x0000006a46e00000,0x0000006a46f00000],  sp=0x0000006a46efea60,  free space=1018k
Native frames: (J=compiled Java code, j=interpreted, Vv=VM code, C=native code)
C  [awt.dll+0x8fa4a]

Java frames: (J=compiled Java code, j=interpreted, Vv=VM code)
j  sun.awt.windows.WComponentPeer._setFont(Ljava/awt/Font;)V+0 java.desktop@11.0.8
j  sun.awt.windows.WComponentPeer.setFont(Ljava/awt/Font;)V+7 java.desktop@11.0.8
j  sun.awt.windows.WWindowPeer.initialize()V+42 java.desktop@11.0.8
j  sun.awt.windows.WFramePeer.initialize()V+1 java.desktop@11.0.8
j  sun.awt.windows.WComponentPeer.<init>(Ljava/awt/Component;)V+83 java.desktop@11.0.8
j  sun.awt.windows.WCanvasPeer.<init>(Ljava/awt/Component;)V+2 java.desktop@11.0.8
j  sun.awt.windows.WPanelPeer.<init>(Ljava/awt/Component;)V+2 java.desktop@11.0.8
j  sun.awt.windows.WWindowPeer.<init>(Ljava/awt/Window;)V+2 java.desktop@11.0.8
j  sun.awt.windows.WFramePeer.<init>(Ljava/awt/Frame;)V+2 java.desktop@11.0.8
j  sun.awt.windows.WToolkit.createFrame(Ljava/awt/Frame;)Ljava/awt/peer/FramePeer;+5 java.desktop@11.0.8
j  java.awt.Frame.addNotify()V+20 java.desktop@11.0.8
j  java.awt.Window.show()V+8 java.desktop@11.0.8
j  java.awt.Component.show(Z)V+5 java.desktop@11.0.8
j  java.awt.Component.setVisible(Z)V+2 java.desktop@11.0.8
j  java.awt.Window.setVisible(Z)V+2 java.desktop@11.0.8
j  work2.MySweeper.main([Ljava/lang/String;)V+10
v  ~StubRoutines::call_stub

siginfo: EXCEPTION_ACCESS_VIOLATION (0xc0000005), reading address 0x0000000000000058


Register to memory mapping:

RIP=0x00007ffdb03dfa4a awt.dll
RAX=0x00007ffdb045b6a0 awt.dll
RBX=0x0000016dca957b40 points into unknown readable memory: f0 cb 82 8c fd 7f 00 00
RCX=0x0000016dfecf9ba0 points into unknown readable memory: a0 b6 45 b0 fd 7f 00 00
RDX=0x0 is NULL
RSP=0x0000006a46efea60 is pointing into the stack for thread: 0x0000016dca957800
RBP=0x0 is NULL
RSI=0x0000016dfedbefe0 is a global jni handle
RDI=0x0000016dfedbefe8 is a global jni handle
R8 =0x0000000000000004 is an unknown value
R9 =0x00000008000bbe60 is a pointer to class: 
java.awt.Font {0x00000008000bbe68}
R10=0x0000000000008000 is an unknown value
R11=0x0000006a46efea60 is pointing into the stack for thread: 0x0000016dca957800
R12=0x0 is NULL
R13={method} {0x0000016df8b71f70} '_setFont' '(Ljava/awt/Font;)V' in 'sun/awt/windows/WComponentPeer'
R14=0x0000016dfecf9ba0 points into unknown readable memory: a0 b6 45 b0 fd 7f 00 00
R15=0x0000016dff4c95d0 points into unknown readable memory: e0 ef db fe 6d 01 00 00


Registers:
RAX=0x00007ffdb045b6a0, RBX=0x0000016dca957b40, RCX=0x0000016dfecf9ba0, RDX=0x0000000000000000
RSP=0x0000006a46efea60, RBP=0x0000000000000000, RSI=0x0000016dfedbefe0, RDI=0x0000016dfedbefe8
R8 =0x0000000000000004, R9 =0x00000008000bbe60, R10=0x0000000000008000, R11=0x0000006a46efea60
R12=0x0000000000000000, R13=0x0000016df8b71f68, R14=0x0000016dfecf9ba0, R15=0x0000016dff4c95d0
RIP=0x00007ffdb03dfa4a, EFLAGS=0x0000000000010206

Top of Stack: (sp=0x0000006a46efea60)
0x0000006a46efea60:   0000016dff4c95d0 0000016dfecf9ba0
0x0000006a46efea70:   0000016dff4c95d0 0000016dfecf9ba0
0x0000006a46efea80:   0000016dfedbefe8 00007ffdb03e4955
0x0000006a46efea90:   0000016dca957b40 0000016dca957b40
0x0000006a46efeaa0:   0000000000000000 0000016dfedbefe0
0x0000006a46efeab0:   0000016dca957800 0000006a46efec08
0x0000006a46efeac0:   0000016dff4c95d0 00007ffdb041dd4b
0x0000006a46efead0:   00007ffdb04a1078 0000006a46efebe0
0x0000006a46efeae0:   00007ffdb03e4828 0000000000000000
0x0000006a46efeaf0:   fffffffffffffffe fffffffffffffffe
0x0000006a46efeb00:   0000016dfedbefe0 00007ffdb03e5b1c
0x0000006a46efeb10:   0000016dfedbefe8 0000006a46efec00
0x0000006a46efeb20:   0000006a46efec00 00007ffdb04a1078
0x0000006a46efeb30:   fffffffffffffffe 00007ffd8c1ffb9c
0x0000006a46efeb40:   0000016dfe1f01f8 0000016dd2fdfc28
0x0000006a46efeb50:   0000016df8b71f68 0000000000001460 

Instructions: (pc=0x00007ffdb03dfa4a)
0x00007ffdb03df94a:   00 48 8b d9 e8 d9 dc ff ff 48 8b f8 48 85 c0 75
0x00007ffdb03df95a:   04 48 8b 7b 48 48 8b cf e8 73 1b 05 00 48 8b d8
0x00007ffdb03df96a:   48 85 c0 74 60 83 64 24 20 00 0f 57 c0 83 64 24
0x00007ffdb03df97a:   34 00 b9 11 00 00 00 83 64 24 38 00 f3 0f 7f 44
0x00007ffdb03df98a:   24 24 ff 15 a6 d9 0b 00 4c 8d 44 24 40 ba 5c 00
0x00007ffdb03df99a:   00 00 48 8b c8 ff 15 4b dc 0b 00 83 f8 5c 75 0d
0x00007ffdb03df9aa:   48 8d 54 24 40 48 8b cb e8 d2 1b 05 00 48 8d 54
0x00007ffdb03df9ba:   24 20 48 8b cb e8 e9 1b 05 00 48 8b d3 48 8b cf
0x00007ffdb03df9ca:   e8 96 1b 05 00 48 8b 8c 24 a0 00 00 00 48 33 cc
0x00007ffdb03df9da:   e8 c1 28 05 00 48 8b 9c 24 c8 00 00 00 48 81 c4
0x00007ffdb03df9ea:   b0 00 00 00 5f c3 40 53 48 83 ec 20 48 8b d9 ff
0x00007ffdb03df9fa:   15 89 e1 0b 00 48 85 c0 75 0a 48 8b 4b 48 ff 15
0x00007ffdb03dfa0a:   72 e1 0b 00 48 83 c4 20 5b c3 4c 63 c2 48 8b 15
0x00007ffdb03dfa1a:   2a c5 0b 00 48 ff 25 03 e0 0b 00 cc cc cc 48 8b
0x00007ffdb03dfa2a:   d1 48 8b 0d 4e f5 0b 00 48 89 15 47 f5 0b 00 e9
0x00007ffdb03dfa3a:   a6 68 04 00 cc cc 48 89 5c 24 08 57 48 83 ec 20
0x00007ffdb03dfa4a:   83 7a 58 00 48 8b da 48 8b f9 7d 08 48 8b ca e8
0x00007ffdb03dfa5a:   e2 95 01 00 4c 8b 43 48 45 33 c9 48 8b 4f 48 4d
0x00007ffdb03dfa6a:   8b 00 41 8d 51 30 ff 15 7a e2 0b 00 48 8b 4f 48
0x00007ffdb03dfa7a:   33 d2 44 8d 42 01 48 8b 5c 24 30 48 83 c4 20 5f
0x00007ffdb03dfa8a:   48 ff 25 17 e1 0b 00 cc cc cc 48 8b c4 48 89 58
0x00007ffdb03dfa9a:   08 48 89 68 10 48 89 70 18 48 89 78 20 41 56 48
0x00007ffdb03dfaaa:   83 ec 20 4c 8b f2 48 8b f9 48 8b 0d be 13 0c 00
0x00007ffdb03dfaba:   ba 02 00 01 00 41 8b e8 e8 e4 26 05 00 48 8b 97
0x00007ffdb03dfaca:   c0 00 00 00 33 db 48 8b f0 48 85 d2 74 0d 4c 8b
0x00007ffdb03dfada:   08 48 8b c8 41 ff 91 b0 00 00 00 4d 85 f6 74 14
0x00007ffdb03dfaea:   48 8b 06 49 8b d6 48 8b ce ff 90 a8 00 00 00 48
0x00007ffdb03dfafa:   8b d8 eb 05 bd 01 00 00 00 48 89 9f c0 00 00 00
0x00007ffdb03dfb0a:   89 af c8 00 00 00 48 8b 5c 24 30 48 8b 6c 24 38
0x00007ffdb03dfb1a:   48 8b 74 24 40 48 8b 7c 24 48 48 83 c4 20 41 5e
0x00007ffdb03dfb2a:   c3 cc 48 89 5c 24 08 48 89 6c 24 10 48 89 74 24
0x00007ffdb03dfb3a:   18 57 48 83 ec 20 33 db 48 8b f9 48 85 c9 75 09 


Stack slot to memory mapping:
stack at sp + 0 slots: 0x0000016dff4c95d0 points into unknown readable memory: e0 ef db fe 6d 01 00 00
stack at sp + 1 slots: 0x0000016dfecf9ba0 points into unknown readable memory: a0 b6 45 b0 fd 7f 00 00
stack at sp + 2 slots: 0x0000016dff4c95d0 points into unknown readable memory: e0 ef db fe 6d 01 00 00
stack at sp + 3 slots: 0x0000016dfecf9ba0 points into unknown readable memory: a0 b6 45 b0 fd 7f 00 00
stack at sp + 4 slots: 0x0000016dfedbefe8 is a global jni handle
stack at sp + 5 slots: 0x00007ffdb03e4955 awt.dll
stack at sp + 6 slots: 0x0000016dca957b40 points into unknown readable memory: f0 cb 82 8c fd 7f 00 00
stack at sp + 7 slots: 0x0000016dca957b40 points into unknown readable memory: f0 cb 82 8c fd 7f 00 00


---------------  P R O C E S S  ---------------

Threads class SMR info:
_java_thread_list=0x0000016df97e12c0, length=15, elements={
0x0000016dca957800, 0x0000016df8e2f000, 0x0000016df8e38000, 0x0000016df8e98800,
0x0000016df8e9a800, 0x0000016df8e9c000, 0x0000016df8ea7000, 0x0000016df8eab800,
0x0000016df9025800, 0x0000016df904d800, 0x0000016df943b000, 0x0000016df943d800,
0x0000016df948f000, 0x0000016dfeb6a800, 0x0000016dfee1d000
}

Java Threads: ( => current thread )
=>0x0000016dca957800 JavaThread "main" [_thread_in_native, id=5940, stack(0x0000006a46e00000,0x0000006a46f00000)]
  0x0000016df8e2f000 JavaThread "Reference Handler" daemon [_thread_blocked, id=14860, stack(0x0000006a47500000,0x0000006a47600000)]
  0x0000016df8e38000 JavaThread "Finalizer" daemon [_thread_blocked, id=3468, stack(0x0000006a47600000,0x0000006a47700000)]
  0x0000016df8e98800 JavaThread "Signal Dispatcher" daemon [_thread_blocked, id=14412, stack(0x0000006a47700000,0x0000006a47800000)]
  0x0000016df8e9a800 JavaThread "Attach Listener" daemon [_thread_blocked, id=16432, stack(0x0000006a47800000,0x0000006a47900000)]
  0x0000016df8e9c000 JavaThread "C2 CompilerThread0" daemon [_thread_blocked, id=3004, stack(0x0000006a47900000,0x0000006a47a00000)]
  0x0000016df8ea7000 JavaThread "C1 CompilerThread0" daemon [_thread_blocked, id=16704, stack(0x0000006a47a00000,0x0000006a47b00000)]
  0x0000016df8eab800 JavaThread "Sweeper thread" daemon [_thread_blocked, id=10772, stack(0x0000006a47b00000,0x0000006a47c00000)]
  0x0000016df9025800 JavaThread "Service Thread" daemon [_thread_blocked, id=9760, stack(0x0000006a47c00000,0x0000006a47d00000)]
  0x0000016df904d800 JavaThread "Common-Cleaner" daemon [_thread_blocked, id=17368, stack(0x0000006a47e00000,0x0000006a47f00000)]
  0x0000016df943b000 JavaThread "Java2D Disposer" daemon [_thread_blocked, id=12576, stack(0x0000006a47f00000,0x0000006a48000000)]
  0x0000016df943d800 JavaThread "AWT-Shutdown" [_thread_blocked, id=18280, stack(0x0000006a48000000,0x0000006a48100000)]
  0x0000016df948f000 JavaThread "AWT-Windows" daemon [_thread_in_native, id=18928, stack(0x0000006a48100000,0x0000006a48200000)]
  0x0000016dfeb6a800 JavaThread "C2 CompilerThread1" daemon [_thread_blocked, id=8232, stack(0x0000006a48400000,0x0000006a48500000)]
  0x0000016dfee1d000 JavaThread "AWT-EventQueue-0" [_thread_blocked, id=6440, stack(0x0000006a48500000,0x0000006a48600000)]

Other Threads:
  0x0000016df8e0d800 VMThread "VM Thread" [stack: 0x0000006a47400000,0x0000006a47500000] [id=20304]
  0x0000016df905c800 WatcherThread [stack: 0x0000006a47d00000,0x0000006a47e00000] [id=14596]
  0x0000016dca96f000 GCTaskThread "GC Thread#0" [stack: 0x0000006a46f00000,0x0000006a47000000] [id=12428]
  0x0000016dca9ee800 ConcurrentGCThread "G1 Main Marker" [stack: 0x0000006a47000000,0x0000006a47100000] [id=148]
  0x0000016dca9f0000 ConcurrentGCThread "G1 Conc#0" [stack: 0x0000006a47100000,0x0000006a47200000] [id=9872]
  0x0000016df846d800 ConcurrentGCThread "G1 Refine#0" [stack: 0x0000006a47200000,0x0000006a47300000] [id=19948]
  0x0000016df846e800 ConcurrentGCThread "G1 Young RemSet Sampling" [stack: 0x0000006a47300000,0x0000006a47400000] [id=19672]

Threads with active compile tasks:

VM state:not at safepoint (normal execution)

VM Mutex/Monitor currently owned by a thread: None

Heap address: 0x0000000601e00000, size: 8162 MB, Compressed Oops mode: Zero based, Oop shift amount: 3
Narrow klass base: 0x0000000800000000, Narrow klass shift: 0
Compressed class space size: 1073741824 Address: 0x0000000800000000

Heap:
 garbage-first heap   total 524288K, used 8192K [0x0000000601e00000, 0x0000000800000000)
  region size 2048K, 5 young (10240K), 0 survivors (0K)
 Metaspace       used 12246K, capacity 12559K, committed 12800K, reserved 1060864K
  class space    used 1300K, capacity 1471K, committed 1536K, reserved 1048576K
Heap Regions: E=young(eden), S=young(survivor), O=old, HS=humongous(starts), HC=humongous(continues), CS=collection set, F=free, A=archive, TAMS=top-at-mark-start (previous, next)
|   0|0x0000000601e00000, 0x0000000601e00000, 0x0000000602000000|  0%| F|  |TAMS 0x0000000601e00000, 0x0000000601e00000| Untracked 
|   1|0x0000000602000000, 0x0000000602000000, 0x0000000602200000|  0%| F|  |TAMS 0x0000000602000000, 0x0000000602000000| Untracked 
|   2|0x0000000602200000, 0x0000000602200000, 0x0000000602400000|  0%| F|  |TAMS 0x0000000602200000, 0x0000000602200000| Untracked 
|   3|0x0000000602400000, 0x0000000602400000, 0x0000000602600000|  0%| F|  |TAMS 0x0000000602400000, 0x0000000602400000| Untracked 
|   4|0x0000000602600000, 0x0000000602600000, 0x0000000602800000|  0%| F|  |TAMS 0x0000000602600000, 0x0000000602600000| Untracked 
|   5|0x0000000602800000, 0x0000000602800000, 0x0000000602a00000|  0%| F|  |TAMS 0x0000000602800000, 0x0000000602800000| Untracked 
|   6|0x0000000602a00000, 0x0000000602a00000, 0x0000000602c00000|  0%| F|  |TAMS 0x0000000602a00000, 0x0000000602a00000| Untracked 
|   7|0x0000000602c00000, 0x0000000602c00000, 0x0000000602e00000|  0%| F|  |TAMS 0x0000000602c00000, 0x0000000602c00000| Untracked 
|   8|0x0000000602e00000, 0x0000000602e00000, 0x0000000603000000|  0%| F|  |TAMS 0x0000000602e00000, 0x0000000602e00000| Untracked 
|   9|0x0000000603000000, 0x0000000603000000, 0x0000000603200000|  0%| F|  |TAMS 0x0000000603000000, 0x0000000603000000| Untracked 
|  10|0x0000000603200000, 0x0000000603200000, 0x0000000603400000|  0%| F|  |TAMS 0x0000000603200000, 0x0000000603200000| Untracked 
|  11|0x0000000603400000, 0x0000000603400000, 0x0000000603600000|  0%| F|  |TAMS 0x0000000603400000, 0x0000000603400000| Untracked 
|  12|0x0000000603600000, 0x0000000603600000, 0x0000000603800000|  0%| F|  |TAMS 0x0000000603600000, 0x0000000603600000| Untracked 
|  13|0x0000000603800000, 0x0000000603800000, 0x0000000603a00000|  0%| F|  |TAMS 0x0000000603800000, 0x0000000603800000| Untracked 
|  14|0x0000000603a00000, 0x0000000603a00000, 0x0000000603c00000|  0%| F|  |TAMS 0x0000000603a00000, 0x0000000603a00000| Untracked 
|  15|0x0000000603c00000, 0x0000000603c00000, 0x0000000603e00000|  0%| F|  |TAMS 0x0000000603c00000, 0x0000000603c00000| Untracked 
|  16|0x0000000603e00000, 0x0000000603e00000, 0x0000000604000000|  0%| F|  |TAMS 0x0000000603e00000, 0x0000000603e00000| Untracked 
|  17|0x0000000604000000, 0x0000000604000000, 0x0000000604200000|  0%| F|  |TAMS 0x0000000604000000, 0x0000000604000000| Untracked 
|  18|0x0000000604200000, 0x0000000604200000, 0x0000000604400000|  0%| F|  |TAMS 0x0000000604200000, 0x0000000604200000| Untracked 
|  19|0x0000000604400000, 0x0000000604400000, 0x0000000604600000|  0%| F|  |TAMS 0x0000000604400000, 0x0000000604400000| Untracked 
|  20|0x0000000604600000, 0x0000000604600000, 0x0000000604800000|  0%| F|  |TAMS 0x0000000604600000, 0x0000000604600000| Untracked 
|  21|0x0000000604800000, 0x0000000604800000, 0x0000000604a00000|  0%| F|  |TAMS 0x0000000604800000, 0x0000000604800000| Untracked 
|  22|0x0000000604a00000, 0x0000000604a00000, 0x0000000604c00000|  0%| F|  |TAMS 0x0000000604a00000, 0x0000000604a00000| Untracked 
|  23|0x0000000604c00000, 0x0000000604c00000, 0x0000000604e00000|  0%| F|  |TAMS 0x0000000604c00000, 0x0000000604c00000| Untracked 
|  24|0x0000000604e00000, 0x0000000604e00000, 0x0000000605000000|  0%| F|  |TAMS 0x0000000604e00000, 0x0000000604e00000| Untracked 
|  25|0x0000000605000000, 0x0000000605000000, 0x0000000605200000|  0%| F|  |TAMS 0x0000000605000000, 0x0000000605000000| Untracked 
|  26|0x0000000605200000, 0x0000000605200000, 0x0000000605400000|  0%| F|  |TAMS 0x0000000605200000, 0x0000000605200000| Untracked 
|  27|0x0000000605400000, 0x0000000605400000, 0x0000000605600000|  0%| F|  |TAMS 0x0000000605400000, 0x0000000605400000| Untracked 
|  28|0x0000000605600000, 0x0000000605600000, 0x0000000605800000|  0%| F|  |TAMS 0x0000000605600000, 0x0000000605600000| Untracked 
|  29|0x0000000605800000, 0x0000000605800000, 0x0000000605a00000|  0%| F|  |TAMS 0x0000000605800000, 0x0000000605800000| Untracked 
|  30|0x0000000605a00000, 0x0000000605a00000, 0x0000000605c00000|  0%| F|  |TAMS 0x0000000605a00000, 0x0000000605a00000| Untracked 
|  31|0x0000000605c00000, 0x0000000605c00000, 0x0000000605e00000|  0%| F|  |TAMS 0x0000000605c00000, 0x0000000605c00000| Untracked 
|  32|0x0000000605e00000, 0x0000000605e00000, 0x0000000606000000|  0%| F|  |TAMS 0x0000000605e00000, 0x0000000605e00000| Untracked 
|  33|0x0000000606000000, 0x0000000606000000, 0x0000000606200000|  0%| F|  |TAMS 0x0000000606000000, 0x0000000606000000| Untracked 
|  34|0x0000000606200000, 0x0000000606200000, 0x0000000606400000|  0%| F|  |TAMS 0x0000000606200000, 0x0000000606200000| Untracked 
|  35|0x0000000606400000, 0x0000000606400000, 0x0000000606600000|  0%| F|  |TAMS 0x0000000606400000, 0x0000000606400000| Untracked 
|  36|0x0000000606600000, 0x0000000606600000, 0x0000000606800000|  0%| F|  |TAMS 0x0000000606600000, 0x0000000606600000| Untracked 
|  37|0x0000000606800000, 0x0000000606800000, 0x0000000606a00000|  0%| F|  |TAMS 0x0000000606800000, 0x0000000606800000| Untracked 
|  38|0x0000000606a00000, 0x0000000606a00000, 0x0000000606c00000|  0%| F|  |TAMS 0x0000000606a00000, 0x0000000606a00000| Untracked 
|  39|0x0000000606c00000, 0x0000000606c00000, 0x0000000606e00000|  0%| F|  |TAMS 0x0000000606c00000, 0x0000000606c00000| Untracked 
|  40|0x0000000606e00000, 0x0000000606e00000, 0x0000000607000000|  0%| F|  |TAMS 0x0000000606e00000, 0x0000000606e00000| Untracked 
|  41|0x0000000607000000, 0x0000000607000000, 0x0000000607200000|  0%| F|  |TAMS 0x0000000607000000, 0x0000000607000000| Untracked 
|  42|0x0000000607200000, 0x0000000607200000, 0x0000000607400000|  0%| F|  |TAMS 0x0000000607200000, 0x0000000607200000| Untracked 
|  43|0x0000000607400000, 0x0000000607400000, 0x0000000607600000|  0%| F|  |TAMS 0x0000000607400000, 0x0000000607400000| Untracked 
|  44|0x0000000607600000, 0x0000000607600000, 0x0000000607800000|  0%| F|  |TAMS 0x0000000607600000, 0x0000000607600000| Untracked 
|  45|0x0000000607800000, 0x0000000607800000, 0x0000000607a00000|  0%| F|  |TAMS 0x0000000607800000, 0x0000000607800000| Untracked 
|  46|0x0000000607a00000, 0x0000000607a00000, 0x0000000607c00000|  0%| F|  |TAMS 0x0000000607a00000, 0x0000000607a00000| Untracked 
|  47|0x0000000607c00000, 0x0000000607c00000, 0x0000000607e00000|  0%| F|  |TAMS 0x0000000607c00000, 0x0000000607c00000| Untracked 
|  48|0x0000000607e00000, 0x0000000607e00000, 0x0000000608000000|  0%| F|  |TAMS 0x0000000607e00000, 0x0000000607e00000| Untracked 
|  49|0x0000000608000000, 0x0000000608000000, 0x0000000608200000|  0%| F|  |TAMS 0x0000000608000000, 0x0000000608000000| Untracked 
|  50|0x0000000608200000, 0x0000000608200000, 0x0000000608400000|  0%| F|  |TAMS 0x0000000608200000, 0x0000000608200000| Untracked 
|  51|0x0000000608400000, 0x0000000608400000, 0x0000000608600000|  0%| F|  |TAMS 0x0000000608400000, 0x0000000608400000| Untracked 
|  52|0x0000000608600000, 0x0000000608600000, 0x0000000608800000|  0%| F|  |TAMS 0x0000000608600000, 0x0000000608600000| Untracked 
|  53|0x0000000608800000, 0x0000000608800000, 0x0000000608a00000|  0%| F|  |TAMS 0x0000000608800000, 0x0000000608800000| Untracked 
|  54|0x0000000608a00000, 0x0000000608a00000, 0x0000000608c00000|  0%| F|  |TAMS 0x0000000608a00000, 0x0000000608a00000| Untracked 
|  55|0x0000000608c00000, 0x0000000608c00000, 0x0000000608e00000|  0%| F|  |TAMS 0x0000000608c00000, 0x0000000608c00000| Untracked 
|  56|0x0000000608e00000, 0x0000000608e00000, 0x0000000609000000|  0%| F|  |TAMS 0x0000000608e00000, 0x0000000608e00000| Untracked 
|  57|0x0000000609000000, 0x0000000609000000, 0x0000000609200000|  0%| F|  |TAMS 0x0000000609000000, 0x0000000609000000| Untracked 
|  58|0x0000000609200000, 0x0000000609200000, 0x0000000609400000|  0%| F|  |TAMS 0x0000000609200000, 0x0000000609200000| Untracked 
|  59|0x0000000609400000, 0x0000000609400000, 0x0000000609600000|  0%| F|  |TAMS 0x0000000609400000, 0x0000000609400000| Untracked 
|  60|0x0000000609600000, 0x0000000609600000, 0x0000000609800000|  0%| F|  |TAMS 0x0000000609600000, 0x0000000609600000| Untracked 
|  61|0x0000000609800000, 0x0000000609800000, 0x0000000609a00000|  0%| F|  |TAMS 0x0000000609800000, 0x0000000609800000| Untracked 
|  62|0x0000000609a00000, 0x0000000609a00000, 0x0000000609c00000|  0%| F|  |TAMS 0x0000000609a00000, 0x0000000609a00000| Untracked 
|  63|0x0000000609c00000, 0x0000000609c00000, 0x0000000609e00000|  0%| F|  |TAMS 0x0000000609c00000, 0x0000000609c00000| Untracked 
|  64|0x0000000609e00000, 0x0000000609e00000, 0x000000060a000000|  0%| F|  |TAMS 0x0000000609e00000, 0x0000000609e00000| Untracked 
|  65|0x000000060a000000, 0x000000060a000000, 0x000000060a200000|  0%| F|  |TAMS 0x000000060a000000, 0x000000060a000000| Untracked 
|  66|0x000000060a200000, 0x000000060a200000, 0x000000060a400000|  0%| F|  |TAMS 0x000000060a200000, 0x000000060a200000| Untracked 
|  67|0x000000060a400000, 0x000000060a400000, 0x000000060a600000|  0%| F|  |TAMS 0x000000060a400000, 0x000000060a400000| Untracked 
|  68|0x000000060a600000, 0x000000060a600000, 0x000000060a800000|  0%| F|  |TAMS 0x000000060a600000, 0x000000060a600000| Untracked 
|  69|0x000000060a800000, 0x000000060a800000, 0x000000060aa00000|  0%| F|  |TAMS 0x000000060a800000, 0x000000060a800000| Untracked 
|  70|0x000000060aa00000, 0x000000060aa00000, 0x000000060ac00000|  0%| F|  |TAMS 0x000000060aa00000, 0x000000060aa00000| Untracked 
|  71|0x000000060ac00000, 0x000000060ac00000, 0x000000060ae00000|  0%| F|  |TAMS 0x000000060ac00000, 0x000000060ac00000| Untracked 
|  72|0x000000060ae00000, 0x000000060ae00000, 0x000000060b000000|  0%| F|  |TAMS 0x000000060ae00000, 0x000000060ae00000| Untracked 
|  73|0x000000060b000000, 0x000000060b000000, 0x000000060b200000|  0%| F|  |TAMS 0x000000060b000000, 0x000000060b000000| Untracked 
|  74|0x000000060b200000, 0x000000060b200000, 0x000000060b400000|  0%| F|  |TAMS 0x000000060b200000, 0x000000060b200000| Untracked 
|  75|0x000000060b400000, 0x000000060b400000, 0x000000060b600000|  0%| F|  |TAMS 0x000000060b400000, 0x000000060b400000| Untracked 
|  76|0x000000060b600000, 0x000000060b600000, 0x000000060b800000|  0%| F|  |TAMS 0x000000060b600000, 0x000000060b600000| Untracked 
|  77|0x000000060b800000, 0x000000060b800000, 0x000000060ba00000|  0%| F|  |TAMS 0x000000060b800000, 0x000000060b800000| Untracked 
|  78|0x000000060ba00000, 0x000000060ba00000, 0x000000060bc00000|  0%| F|  |TAMS 0x000000060ba00000, 0x000000060ba00000| Untracked 
|  79|0x000000060bc00000, 0x000000060bc00000, 0x000000060be00000|  0%| F|  |TAMS 0x000000060bc00000, 0x000000060bc00000| Untracked 
|  80|0x000000060be00000, 0x000000060be00000, 0x000000060c000000|  0%| F|  |TAMS 0x000000060be00000, 0x000000060be00000| Untracked 
|  81|0x000000060c000000, 0x000000060c000000, 0x000000060c200000|  0%| F|  |TAMS 0x000000060c000000, 0x000000060c000000| Untracked 
|  82|0x000000060c200000, 0x000000060c200000, 0x000000060c400000|  0%| F|  |TAMS 0x000000060c200000, 0x000000060c200000| Untracked 
|  83|0x000000060c400000, 0x000000060c400000, 0x000000060c600000|  0%| F|  |TAMS 0x000000060c400000, 0x000000060c400000| Untracked 
|  84|0x000000060c600000, 0x000000060c600000, 0x000000060c800000|  0%| F|  |TAMS 0x000000060c600000, 0x000000060c600000| Untracked 
|  85|0x000000060c800000, 0x000000060c800000, 0x000000060ca00000|  0%| F|  |TAMS 0x000000060c800000, 0x000000060c800000| Untracked 
|  86|0x000000060ca00000, 0x000000060ca00000, 0x000000060cc00000|  0%| F|  |TAMS 0x000000060ca00000, 0x000000060ca00000| Untracked 
|  87|0x000000060cc00000, 0x000000060cc00000, 0x000000060ce00000|  0%| F|  |TAMS 0x000000060cc00000, 0x000000060cc00000| Untracked 
|  88|0x000000060ce00000, 0x000000060ce00000, 0x000000060d000000|  0%| F|  |TAMS 0x000000060ce00000, 0x000000060ce00000| Untracked 
|  89|0x000000060d000000, 0x000000060d000000, 0x000000060d200000|  0%| F|  |TAMS 0x000000060d000000, 0x000000060d000000| Untracked 
|  90|0x000000060d200000, 0x000000060d200000, 0x000000060d400000|  0%| F|  |TAMS 0x000000060d200000, 0x000000060d200000| Untracked 
|  91|0x000000060d400000, 0x000000060d400000, 0x000000060d600000|  0%| F|  |TAMS 0x000000060d400000, 0x000000060d400000| Untracked 
|  92|0x000000060d600000, 0x000000060d600000, 0x000000060d800000|  0%| F|  |TAMS 0x000000060d600000, 0x000000060d600000| Untracked 
|  93|0x000000060d800000, 0x000000060d800000, 0x000000060da00000|  0%| F|  |TAMS 0x000000060d800000, 0x000000060d800000| Untracked 
|  94|0x000000060da00000, 0x000000060da00000, 0x000000060dc00000|  0%| F|  |TAMS 0x000000060da00000, 0x000000060da00000| Untracked 
|  95|0x000000060dc00000, 0x000000060dc00000, 0x000000060de00000|  0%| F|  |TAMS 0x000000060dc00000, 0x000000060dc00000| Untracked 
|  96|0x000000060de00000, 0x000000060de00000, 0x000000060e000000|  0%| F|  |TAMS 0x000000060de00000, 0x000000060de00000| Untracked 
|  97|0x000000060e000000, 0x000000060e000000, 0x000000060e200000|  0%| F|  |TAMS 0x000000060e000000, 0x000000060e000000| Untracked 
|  98|0x000000060e200000, 0x000000060e200000, 0x000000060e400000|  0%| F|  |TAMS 0x000000060e200000, 0x000000060e200000| Untracked 
|  99|0x000000060e400000, 0x000000060e400000, 0x000000060e600000|  0%| F|  |TAMS 0x000000060e400000, 0x000000060e400000| Untracked 
| 100|0x000000060e600000, 0x000000060e600000, 0x000000060e800000|  0%| F|  |TAMS 0x000000060e600000, 0x000000060e600000| Untracked 
| 101|0x000000060e800000, 0x000000060e800000, 0x000000060ea00000|  0%| F|  |TAMS 0x000000060e800000, 0x000000060e800000| Untracked 
| 102|0x000000060ea00000, 0x000000060ea00000, 0x000000060ec00000|  0%| F|  |TAMS 0x000000060ea00000, 0x000000060ea00000| Untracked 
| 103|0x000000060ec00000, 0x000000060ec00000, 0x000000060ee00000|  0%| F|  |TAMS 0x000000060ec00000, 0x000000060ec00000| Untracked 
| 104|0x000000060ee00000, 0x000000060ee00000, 0x000000060f000000|  0%| F|  |TAMS 0x000000060ee00000, 0x000000060ee00000| Untracked 
| 105|0x000000060f000000, 0x000000060f000000, 0x000000060f200000|  0%| F|  |TAMS 0x000000060f000000, 0x000000060f000000| Untracked 
| 106|0x000000060f200000, 0x000000060f200000, 0x000000060f400000|  0%| F|  |TAMS 0x000000060f200000, 0x000000060f200000| Untracked 
| 107|0x000000060f400000, 0x000000060f400000, 0x000000060f600000|  0%| F|  |TAMS 0x000000060f400000, 0x000000060f400000| Untracked 
| 108|0x000000060f600000, 0x000000060f600000, 0x000000060f800000|  0%| F|  |TAMS 0x000000060f600000, 0x000000060f600000| Untracked 
| 109|0x000000060f800000, 0x000000060f800000, 0x000000060fa00000|  0%| F|  |TAMS 0x000000060f800000, 0x000000060f800000| Untracked 
| 110|0x000000060fa00000, 0x000000060fa00000, 0x000000060fc00000|  0%| F|  |TAMS 0x000000060fa00000, 0x000000060fa00000| Untracked 
| 111|0x000000060fc00000, 0x000000060fc00000, 0x000000060fe00000|  0%| F|  |TAMS 0x000000060fc00000, 0x000000060fc00000| Untracked 
| 112|0x000000060fe00000, 0x000000060fe00000, 0x0000000610000000|  0%| F|  |TAMS 0x000000060fe00000, 0x000000060fe00000| Untracked 
| 113|0x0000000610000000, 0x0000000610000000, 0x0000000610200000|  0%| F|  |TAMS 0x0000000610000000, 0x0000000610000000| Untracked 
| 114|0x0000000610200000, 0x0000000610200000, 0x0000000610400000|  0%| F|  |TAMS 0x0000000610200000, 0x0000000610200000| Untracked 
| 115|0x0000000610400000, 0x0000000610400000, 0x0000000610600000|  0%| F|  |TAMS 0x0000000610400000, 0x0000000610400000| Untracked 
| 116|0x0000000610600000, 0x0000000610600000, 0x0000000610800000|  0%| F|  |TAMS 0x0000000610600000, 0x0000000610600000| Untracked 
| 117|0x0000000610800000, 0x0000000610800000, 0x0000000610a00000|  0%| F|  |TAMS 0x0000000610800000, 0x0000000610800000| Untracked 
| 118|0x0000000610a00000, 0x0000000610a00000, 0x0000000610c00000|  0%| F|  |TAMS 0x0000000610a00000, 0x0000000610a00000| Untracked 
| 119|0x0000000610c00000, 0x0000000610c00000, 0x0000000610e00000|  0%| F|  |TAMS 0x0000000610c00000, 0x0000000610c00000| Untracked 
| 120|0x0000000610e00000, 0x0000000610e00000, 0x0000000611000000|  0%| F|  |TAMS 0x0000000610e00000, 0x0000000610e00000| Untracked 
| 121|0x0000000611000000, 0x0000000611000000, 0x0000000611200000|  0%| F|  |TAMS 0x0000000611000000, 0x0000000611000000| Untracked 
| 122|0x0000000611200000, 0x0000000611200000, 0x0000000611400000|  0%| F|  |TAMS 0x0000000611200000, 0x0000000611200000| Untracked 
| 123|0x0000000611400000, 0x0000000611400000, 0x0000000611600000|  0%| F|  |TAMS 0x0000000611400000, 0x0000000611400000| Untracked 
| 124|0x0000000611600000, 0x0000000611600000, 0x0000000611800000|  0%| F|  |TAMS 0x0000000611600000, 0x0000000611600000| Untracked 
| 125|0x0000000611800000, 0x0000000611800000, 0x0000000611a00000|  0%| F|  |TAMS 0x0000000611800000, 0x0000000611800000| Untracked 
| 126|0x0000000611a00000, 0x0000000611a00000, 0x0000000611c00000|  0%| F|  |TAMS 0x0000000611a00000, 0x0000000611a00000| Untracked 
| 127|0x0000000611c00000, 0x0000000611c00000, 0x0000000611e00000|  0%| F|  |TAMS 0x0000000611c00000, 0x0000000611c00000| Untracked 
| 128|0x0000000611e00000, 0x0000000611e00000, 0x0000000612000000|  0%| F|  |TAMS 0x0000000611e00000, 0x0000000611e00000| Untracked 
| 129|0x0000000612000000, 0x0000000612000000, 0x0000000612200000|  0%| F|  |TAMS 0x0000000612000000, 0x0000000612000000| Untracked 
| 130|0x0000000612200000, 0x0000000612200000, 0x0000000612400000|  0%| F|  |TAMS 0x0000000612200000, 0x0000000612200000| Untracked 
| 131|0x0000000612400000, 0x0000000612400000, 0x0000000612600000|  0%| F|  |TAMS 0x0000000612400000, 0x0000000612400000| Untracked 
| 132|0x0000000612600000, 0x0000000612600000, 0x0000000612800000|  0%| F|  |TAMS 0x0000000612600000, 0x0000000612600000| Untracked 
| 133|0x0000000612800000, 0x0000000612800000, 0x0000000612a00000|  0%| F|  |TAMS 0x0000000612800000, 0x0000000612800000| Untracked 
| 134|0x0000000612a00000, 0x0000000612a00000, 0x0000000612c00000|  0%| F|  |TAMS 0x0000000612a00000, 0x0000000612a00000| Untracked 
| 135|0x0000000612c00000, 0x0000000612c00000, 0x0000000612e00000|  0%| F|  |TAMS 0x0000000612c00000, 0x0000000612c00000| Untracked 
| 136|0x0000000612e00000, 0x0000000612e00000, 0x0000000613000000|  0%| F|  |TAMS 0x0000000612e00000, 0x0000000612e00000| Untracked 
| 137|0x0000000613000000, 0x0000000613000000, 0x0000000613200000|  0%| F|  |TAMS 0x0000000613000000, 0x0000000613000000| Untracked 
| 138|0x0000000613200000, 0x0000000613200000, 0x0000000613400000|  0%| F|  |TAMS 0x0000000613200000, 0x0000000613200000| Untracked 
| 139|0x0000000613400000, 0x0000000613400000, 0x0000000613600000|  0%| F|  |TAMS 0x0000000613400000, 0x0000000613400000| Untracked 
| 140|0x0000000613600000, 0x0000000613600000, 0x0000000613800000|  0%| F|  |TAMS 0x0000000613600000, 0x0000000613600000| Untracked 
| 141|0x0000000613800000, 0x0000000613800000, 0x0000000613a00000|  0%| F|  |TAMS 0x0000000613800000, 0x0000000613800000| Untracked 
| 142|0x0000000613a00000, 0x0000000613a00000, 0x0000000613c00000|  0%| F|  |TAMS 0x0000000613a00000, 0x0000000613a00000| Untracked 
| 143|0x0000000613c00000, 0x0000000613c00000, 0x0000000613e00000|  0%| F|  |TAMS 0x0000000613c00000, 0x0000000613c00000| Untracked 
| 144|0x0000000613e00000, 0x0000000613e00000, 0x0000000614000000|  0%| F|  |TAMS 0x0000000613e00000, 0x0000000613e00000| Untracked 
| 145|0x0000000614000000, 0x0000000614000000, 0x0000000614200000|  0%| F|  |TAMS 0x0000000614000000, 0x0000000614000000| Untracked 
| 146|0x0000000614200000, 0x0000000614200000, 0x0000000614400000|  0%| F|  |TAMS 0x0000000614200000, 0x0000000614200000| Untracked 
| 147|0x0000000614400000, 0x0000000614400000, 0x0000000614600000|  0%| F|  |TAMS 0x0000000614400000, 0x0000000614400000| Untracked 
| 148|0x0000000614600000, 0x0000000614600000, 0x0000000614800000|  0%| F|  |TAMS 0x0000000614600000, 0x0000000614600000| Untracked 
| 149|0x0000000614800000, 0x0000000614800000, 0x0000000614a00000|  0%| F|  |TAMS 0x0000000614800000, 0x0000000614800000| Untracked 
| 150|0x0000000614a00000, 0x0000000614a00000, 0x0000000614c00000|  0%| F|  |TAMS 0x0000000614a00000, 0x0000000614a00000| Untracked 
| 151|0x0000000614c00000, 0x0000000614c00000, 0x0000000614e00000|  0%| F|  |TAMS 0x0000000614c00000, 0x0000000614c00000| Untracked 
| 152|0x0000000614e00000, 0x0000000614e00000, 0x0000000615000000|  0%| F|  |TAMS 0x0000000614e00000, 0x0000000614e00000| Untracked 
| 153|0x0000000615000000, 0x0000000615000000, 0x0000000615200000|  0%| F|  |TAMS 0x0000000615000000, 0x0000000615000000| Untracked 
| 154|0x0000000615200000, 0x0000000615200000, 0x0000000615400000|  0%| F|  |TAMS 0x0000000615200000, 0x0000000615200000| Untracked 
| 155|0x0000000615400000, 0x0000000615400000, 0x0000000615600000|  0%| F|  |TAMS 0x0000000615400000, 0x0000000615400000| Untracked 
| 156|0x0000000615600000, 0x0000000615600000, 0x0000000615800000|  0%| F|  |TAMS 0x0000000615600000, 0x0000000615600000| Untracked 
| 157|0x0000000615800000, 0x0000000615800000, 0x0000000615a00000|  0%| F|  |TAMS 0x0000000615800000, 0x0000000615800000| Untracked 
| 158|0x0000000615a00000, 0x0000000615a00000, 0x0000000615c00000|  0%| F|  |TAMS 0x0000000615a00000, 0x0000000615a00000| Untracked 
| 159|0x0000000615c00000, 0x0000000615c00000, 0x0000000615e00000|  0%| F|  |TAMS 0x0000000615c00000, 0x0000000615c00000| Untracked 
| 160|0x0000000615e00000, 0x0000000615e00000, 0x0000000616000000|  0%| F|  |TAMS 0x0000000615e00000, 0x0000000615e00000| Untracked 
| 161|0x0000000616000000, 0x0000000616000000, 0x0000000616200000|  0%| F|  |TAMS 0x0000000616000000, 0x0000000616000000| Untracked 
| 162|0x0000000616200000, 0x0000000616200000, 0x0000000616400000|  0%| F|  |TAMS 0x0000000616200000, 0x0000000616200000| Untracked 
| 163|0x0000000616400000, 0x0000000616400000, 0x0000000616600000|  0%| F|  |TAMS 0x0000000616400000, 0x0000000616400000| Untracked 
| 164|0x0000000616600000, 0x0000000616600000, 0x0000000616800000|  0%| F|  |TAMS 0x0000000616600000, 0x0000000616600000| Untracked 
| 165|0x0000000616800000, 0x0000000616800000, 0x0000000616a00000|  0%| F|  |TAMS 0x0000000616800000, 0x0000000616800000| Untracked 
| 166|0x0000000616a00000, 0x0000000616a00000, 0x0000000616c00000|  0%| F|  |TAMS 0x0000000616a00000, 0x0000000616a00000| Untracked 
| 167|0x0000000616c00000, 0x0000000616c00000, 0x0000000616e00000|  0%| F|  |TAMS 0x0000000616c00000, 0x0000000616c00000| Untracked 
| 168|0x0000000616e00000, 0x0000000616e00000, 0x0000000617000000|  0%| F|  |TAMS 0x0000000616e00000, 0x0000000616e00000| Untracked 
| 169|0x0000000617000000, 0x0000000617000000, 0x0000000617200000|  0%| F|  |TAMS 0x0000000617000000, 0x0000000617000000| Untracked 
| 170|0x0000000617200000, 0x0000000617200000, 0x0000000617400000|  0%| F|  |TAMS 0x0000000617200000, 0x0000000617200000| Untracked 
| 171|0x0000000617400000, 0x0000000617400000, 0x0000000617600000|  0%| F|  |TAMS 0x0000000617400000, 0x0000000617400000| Untracked 
| 172|0x0000000617600000, 0x0000000617600000, 0x0000000617800000|  0%| F|  |TAMS 0x0000000617600000, 0x0000000617600000| Untracked 
| 173|0x0000000617800000, 0x0000000617800000, 0x0000000617a00000|  0%| F|  |TAMS 0x0000000617800000, 0x0000000617800000| Untracked 
| 174|0x0000000617a00000, 0x0000000617a00000, 0x0000000617c00000|  0%| F|  |TAMS 0x0000000617a00000, 0x0000000617a00000| Untracked 
| 175|0x0000000617c00000, 0x0000000617c00000, 0x0000000617e00000|  0%| F|  |TAMS 0x0000000617c00000, 0x0000000617c00000| Untracked 
| 176|0x0000000617e00000, 0x0000000617e00000, 0x0000000618000000|  0%| F|  |TAMS 0x0000000617e00000, 0x0000000617e00000| Untracked 
| 177|0x0000000618000000, 0x0000000618000000, 0x0000000618200000|  0%| F|  |TAMS 0x0000000618000000, 0x0000000618000000| Untracked 
| 178|0x0000000618200000, 0x0000000618200000, 0x0000000618400000|  0%| F|  |TAMS 0x0000000618200000, 0x0000000618200000| Untracked 
| 179|0x0000000618400000, 0x0000000618400000, 0x0000000618600000|  0%| F|  |TAMS 0x0000000618400000, 0x0000000618400000| Untracked 
| 180|0x0000000618600000, 0x0000000618600000, 0x0000000618800000|  0%| F|  |TAMS 0x0000000618600000, 0x0000000618600000| Untracked 
| 181|0x0000000618800000, 0x0000000618800000, 0x0000000618a00000|  0%| F|  |TAMS 0x0000000618800000, 0x0000000618800000| Untracked 
| 182|0x0000000618a00000, 0x0000000618a00000, 0x0000000618c00000|  0%| F|  |TAMS 0x0000000618a00000, 0x0000000618a00000| Untracked 
| 183|0x0000000618c00000, 0x0000000618c00000, 0x0000000618e00000|  0%| F|  |TAMS 0x0000000618c00000, 0x0000000618c00000| Untracked 
| 184|0x0000000618e00000, 0x0000000618e00000, 0x0000000619000000|  0%| F|  |TAMS 0x0000000618e00000, 0x0000000618e00000| Untracked 
| 185|0x0000000619000000, 0x0000000619000000, 0x0000000619200000|  0%| F|  |TAMS 0x0000000619000000, 0x0000000619000000| Untracked 
| 186|0x0000000619200000, 0x0000000619200000, 0x0000000619400000|  0%| F|  |TAMS 0x0000000619200000, 0x0000000619200000| Untracked 
| 187|0x0000000619400000, 0x0000000619400000, 0x0000000619600000|  0%| F|  |TAMS 0x0000000619400000, 0x0000000619400000| Untracked 
| 188|0x0000000619600000, 0x0000000619600000, 0x0000000619800000|  0%| F|  |TAMS 0x0000000619600000, 0x0000000619600000| Untracked 
| 189|0x0000000619800000, 0x0000000619800000, 0x0000000619a00000|  0%| F|  |TAMS 0x0000000619800000, 0x0000000619800000| Untracked 
| 190|0x0000000619a00000, 0x0000000619a00000, 0x0000000619c00000|  0%| F|  |TAMS 0x0000000619a00000, 0x0000000619a00000| Untracked 
| 191|0x0000000619c00000, 0x0000000619c00000, 0x0000000619e00000|  0%| F|  |TAMS 0x0000000619c00000, 0x0000000619c00000| Untracked 
| 192|0x0000000619e00000, 0x0000000619e00000, 0x000000061a000000|  0%| F|  |TAMS 0x0000000619e00000, 0x0000000619e00000| Untracked 
| 193|0x000000061a000000, 0x000000061a000000, 0x000000061a200000|  0%| F|  |TAMS 0x000000061a000000, 0x000000061a000000| Untracked 
| 194|0x000000061a200000, 0x000000061a200000, 0x000000061a400000|  0%| F|  |TAMS 0x000000061a200000, 0x000000061a200000| Untracked 
| 195|0x000000061a400000, 0x000000061a400000, 0x000000061a600000|  0%| F|  |TAMS 0x000000061a400000, 0x000000061a400000| Untracked 
| 196|0x000000061a600000, 0x000000061a600000, 0x000000061a800000|  0%| F|  |TAMS 0x000000061a600000, 0x000000061a600000| Untracked 
| 197|0x000000061a800000, 0x000000061a800000, 0x000000061aa00000|  0%| F|  |TAMS 0x000000061a800000, 0x000000061a800000| Untracked 
| 198|0x000000061aa00000, 0x000000061aa00000, 0x000000061ac00000|  0%| F|  |TAMS 0x000000061aa00000, 0x000000061aa00000| Untracked 
| 199|0x000000061ac00000, 0x000000061ac00000, 0x000000061ae00000|  0%| F|  |TAMS 0x000000061ac00000, 0x000000061ac00000| Untracked 
| 200|0x000000061ae00000, 0x000000061ae00000, 0x000000061b000000|  0%| F|  |TAMS 0x000000061ae00000, 0x000000061ae00000| Untracked 
| 201|0x000000061b000000, 0x000000061b000000, 0x000000061b200000|  0%| F|  |TAMS 0x000000061b000000, 0x000000061b000000| Untracked 
| 202|0x000000061b200000, 0x000000061b200000, 0x000000061b400000|  0%| F|  |TAMS 0x000000061b200000, 0x000000061b200000| Untracked 
| 203|0x000000061b400000, 0x000000061b400000, 0x000000061b600000|  0%| F|  |TAMS 0x000000061b400000, 0x000000061b400000| Untracked 
| 204|0x000000061b600000, 0x000000061b600000, 0x000000061b800000|  0%| F|  |TAMS 0x000000061b600000, 0x000000061b600000| Untracked 
| 205|0x000000061b800000, 0x000000061b800000, 0x000000061ba00000|  0%| F|  |TAMS 0x000000061b800000, 0x000000061b800000| Untracked 
| 206|0x000000061ba00000, 0x000000061ba00000, 0x000000061bc00000|  0%| F|  |TAMS 0x000000061ba00000, 0x000000061ba00000| Untracked 
| 207|0x000000061bc00000, 0x000000061bc00000, 0x000000061be00000|  0%| F|  |TAMS 0x000000061bc00000, 0x000000061bc00000| Untracked 
| 208|0x000000061be00000, 0x000000061be00000, 0x000000061c000000|  0%| F|  |TAMS 0x000000061be00000, 0x000000061be00000| Untracked 
| 209|0x000000061c000000, 0x000000061c000000, 0x000000061c200000|  0%| F|  |TAMS 0x000000061c000000, 0x000000061c000000| Untracked 
| 210|0x000000061c200000, 0x000000061c200000, 0x000000061c400000|  0%| F|  |TAMS 0x000000061c200000, 0x000000061c200000| Untracked 
| 211|0x000000061c400000, 0x000000061c400000, 0x000000061c600000|  0%| F|  |TAMS 0x000000061c400000, 0x000000061c400000| Untracked 
| 212|0x000000061c600000, 0x000000061c600000, 0x000000061c800000|  0%| F|  |TAMS 0x000000061c600000, 0x000000061c600000| Untracked 
| 213|0x000000061c800000, 0x000000061c800000, 0x000000061ca00000|  0%| F|  |TAMS 0x000000061c800000, 0x000000061c800000| Untracked 
| 214|0x000000061ca00000, 0x000000061ca00000, 0x000000061cc00000|  0%| F|  |TAMS 0x000000061ca00000, 0x000000061ca00000| Untracked 
| 215|0x000000061cc00000, 0x000000061cc00000, 0x000000061ce00000|  0%| F|  |TAMS 0x000000061cc00000, 0x000000061cc00000| Untracked 
| 216|0x000000061ce00000, 0x000000061ce00000, 0x000000061d000000|  0%| F|  |TAMS 0x000000061ce00000, 0x000000061ce00000| Untracked 
| 217|0x000000061d000000, 0x000000061d000000, 0x000000061d200000|  0%| F|  |TAMS 0x000000061d000000, 0x000000061d000000| Untracked 
| 218|0x000000061d200000, 0x000000061d200000, 0x000000061d400000|  0%| F|  |TAMS 0x000000061d200000, 0x000000061d200000| Untracked 
| 219|0x000000061d400000, 0x000000061d400000, 0x000000061d600000|  0%| F|  |TAMS 0x000000061d400000, 0x000000061d400000| Untracked 
| 220|0x000000061d600000, 0x000000061d600000, 0x000000061d800000|  0%| F|  |TAMS 0x000000061d600000, 0x000000061d600000| Untracked 
| 221|0x000000061d800000, 0x000000061d800000, 0x000000061da00000|  0%| F|  |TAMS 0x000000061d800000, 0x000000061d800000| Untracked 
| 222|0x000000061da00000, 0x000000061da00000, 0x000000061dc00000|  0%| F|  |TAMS 0x000000061da00000, 0x000000061da00000| Untracked 
| 223|0x000000061dc00000, 0x000000061dc00000, 0x000000061de00000|  0%| F|  |TAMS 0x000000061dc00000, 0x000000061dc00000| Untracked 
| 224|0x000000061de00000, 0x000000061de00000, 0x000000061e000000|  0%| F|  |TAMS 0x000000061de00000, 0x000000061de00000| Untracked 
| 225|0x000000061e000000, 0x000000061e000000, 0x000000061e200000|  0%| F|  |TAMS 0x000000061e000000, 0x000000061e000000| Untracked 
| 226|0x000000061e200000, 0x000000061e200000, 0x000000061e400000|  0%| F|  |TAMS 0x000000061e200000, 0x000000061e200000| Untracked 
| 227|0x000000061e400000, 0x000000061e400000, 0x000000061e600000|  0%| F|  |TAMS 0x000000061e400000, 0x000000061e400000| Untracked 
| 228|0x000000061e600000, 0x000000061e600000, 0x000000061e800000|  0%| F|  |TAMS 0x000000061e600000, 0x000000061e600000| Untracked 
| 229|0x000000061e800000, 0x000000061e800000, 0x000000061ea00000|  0%| F|  |TAMS 0x000000061e800000, 0x000000061e800000| Untracked 
| 230|0x000000061ea00000, 0x000000061ea00000, 0x000000061ec00000|  0%| F|  |TAMS 0x000000061ea00000, 0x000000061ea00000| Untracked 
| 231|0x000000061ec00000, 0x000000061ec00000, 0x000000061ee00000|  0%| F|  |TAMS 0x000000061ec00000, 0x000000061ec00000| Untracked 
| 232|0x000000061ee00000, 0x000000061ee00000, 0x000000061f000000|  0%| F|  |TAMS 0x000000061ee00000, 0x000000061ee00000| Untracked 
| 233|0x000000061f000000, 0x000000061f000000, 0x000000061f200000|  0%| F|  |TAMS 0x000000061f000000, 0x000000061f000000| Untracked 
| 234|0x000000061f200000, 0x000000061f200000, 0x000000061f400000|  0%| F|  |TAMS 0x000000061f200000, 0x000000061f200000| Untracked 
| 235|0x000000061f400000, 0x000000061f400000, 0x000000061f600000|  0%| F|  |TAMS 0x000000061f400000, 0x000000061f400000| Untracked 
| 236|0x000000061f600000, 0x000000061f600000, 0x000000061f800000|  0%| F|  |TAMS 0x000000061f600000, 0x000000061f600000| Untracked 
| 237|0x000000061f800000, 0x000000061f800000, 0x000000061fa00000|  0%| F|  |TAMS 0x000000061f800000, 0x000000061f800000| Untracked 
| 238|0x000000061fa00000, 0x000000061fa00000, 0x000000061fc00000|  0%| F|  |TAMS 0x000000061fa00000, 0x000000061fa00000| Untracked 
| 239|0x000000061fc00000, 0x000000061fc00000, 0x000000061fe00000|  0%| F|  |TAMS 0x000000061fc00000, 0x000000061fc00000| Untracked 
| 240|0x000000061fe00000, 0x000000061fe00000, 0x0000000620000000|  0%| F|  |TAMS 0x000000061fe00000, 0x000000061fe00000| Untracked 
| 241|0x0000000620000000, 0x0000000620000000, 0x0000000620200000|  0%| F|  |TAMS 0x0000000620000000, 0x0000000620000000| Untracked 
| 242|0x0000000620200000, 0x0000000620200000, 0x0000000620400000|  0%| F|  |TAMS 0x0000000620200000, 0x0000000620200000| Untracked 
| 243|0x0000000620400000, 0x0000000620400000, 0x0000000620600000|  0%| F|  |TAMS 0x0000000620400000, 0x0000000620400000| Untracked 
| 244|0x0000000620600000, 0x0000000620600000, 0x0000000620800000|  0%| F|  |TAMS 0x0000000620600000, 0x0000000620600000| Untracked 
| 245|0x0000000620800000, 0x0000000620800000, 0x0000000620a00000|  0%| F|  |TAMS 0x0000000620800000, 0x0000000620800000| Untracked 
| 246|0x0000000620a00000, 0x0000000620a00000, 0x0000000620c00000|  0%| F|  |TAMS 0x0000000620a00000, 0x0000000620a00000| Untracked 
| 247|0x0000000620c00000, 0x0000000620c00000, 0x0000000620e00000|  0%| F|  |TAMS 0x0000000620c00000, 0x0000000620c00000| Untracked 
| 248|0x0000000620e00000, 0x0000000620e00000, 0x0000000621000000|  0%| F|  |TAMS 0x0000000620e00000, 0x0000000620e00000| Untracked 
| 249|0x0000000621000000, 0x0000000621000000, 0x0000000621200000|  0%| F|  |TAMS 0x0000000621000000, 0x0000000621000000| Untracked 
| 250|0x0000000621200000, 0x0000000621200000, 0x0000000621400000|  0%| F|  |TAMS 0x0000000621200000, 0x0000000621200000| Untracked 
| 251|0x0000000621400000, 0x00000006215ec8a8, 0x0000000621600000| 96%| E|  |TAMS 0x0000000621400000, 0x0000000621400000| Complete 
| 252|0x0000000621600000, 0x0000000621800000, 0x0000000621800000|100%| E|CS|TAMS 0x0000000621600000, 0x0000000621600000| Complete 
| 253|0x0000000621800000, 0x0000000621a00000, 0x0000000621a00000|100%| E|CS|TAMS 0x0000000621800000, 0x0000000621800000| Complete 
| 254|0x0000000621a00000, 0x0000000621c00000, 0x0000000621c00000|100%| E|CS|TAMS 0x0000000621a00000, 0x0000000621a00000| Complete 
| 255|0x0000000621c00000, 0x0000000621e00000, 0x0000000621e00000|100%| E|CS|TAMS 0x0000000621c00000, 0x0000000621c00000| Complete 

Card table byte_map: [0x0000016de3a30000,0x0000016de4a30000] _byte_map_base: 0x0000016de0a21000

Marking Bits (Prev, Next): (CMBitMap*) 0x0000016dca9dcb68, (CMBitMap*) 0x0000016dca9dcba0
 Prev Bits: [0x0000016de5a30000, 0x0000016ded9b8000)
 Next Bits: [0x0000016ded9c0000, 0x0000016df5948000)

Polling page: 0x0000016dc92e0000

Metaspace:

Usage:
  Non-class:     10.83 MB capacity,    10.69 MB ( 99%) used,   104.16 KB ( <1%) free+waste,    37.88 KB ( <1%) overhead. 
      Class:      1.44 MB capacity,     1.27 MB ( 88%) used,   149.63 KB ( 10%) free+waste,    21.19 KB (  1%) overhead. 
       Both:     12.26 MB capacity,    11.96 MB ( 98%) used,   253.78 KB (  2%) free+waste,    59.06 KB ( <1%) overhead. 

Virtual space:
  Non-class space:       12.00 MB reserved,      11.00 MB ( 92%) committed 
      Class space:        1.00 GB reserved,       1.50 MB ( <1%) committed 
             Both:        1.01 GB reserved,      12.50 MB (  1%) committed 

Chunk freelists:
   Non-Class:  0 bytes
       Class:  0 bytes
        Both:  0 bytes

MaxMetaspaceSize: 17179869184.00 GB
CompressedClassSpaceSize: 1.00 GB

CodeHeap 'non-profiled nmethods': size=120000Kb used=247Kb max_used=247Kb free=119752Kb
 bounds [0x0000016ddaaa0000, 0x0000016ddad10000, 0x0000016de1fd0000]
CodeHeap 'profiled nmethods': size=120000Kb used=1294Kb max_used=1294Kb free=118705Kb
 bounds [0x0000016dd3570000, 0x0000016dd37e0000, 0x0000016ddaaa0000]
CodeHeap 'non-nmethods': size=5760Kb used=1177Kb max_used=1196Kb free=4582Kb
 bounds [0x0000016dd2fd0000, 0x0000016dd3240000, 0x0000016dd3570000]
 total_blobs=1304 nmethods=782 adapters=434
 compilation: enabled
              stopped_count=0, restarted_count=0
 full_count=0

Compilation events (20 events):
Event: 0.356 Thread 0x0000016df8ea7000 nmethod 756 0x0000016ddaadb390 code [0x0000016ddaadb540, 0x0000016ddaadb778]
Event: 0.357 Thread 0x0000016dfeb6a800 nmethod 757 0x0000016ddaadb810 code [0x0000016ddaadb9e0, 0x0000016ddaadbc58]
Event: 0.357 Thread 0x0000016df8ea7000  762       3       java.util.ArrayList::<init> (12 bytes)
Event: 0.357 Thread 0x0000016df8ea7000 nmethod 762 0x0000016dd36a8290 code [0x0000016dd36a8460, 0x0000016dd36a86f8]
Event: 0.357 Thread 0x0000016df8ea7000  765       3       java.lang.invoke.InvokerBytecodeGenerator::<init> (80 bytes)
Event: 0.358 Thread 0x0000016df8ea7000 nmethod 765 0x0000016dd36a8810 code [0x0000016dd36a8a00, 0x0000016dd36a8dc8]
Event: 0.358 Thread 0x0000016df8ea7000  764   !   3       java.lang.invoke.LambdaForm::compileToBytecode (162 bytes)
Event: 0.358 Thread 0x0000016df8ea7000 nmethod 764 0x0000016dd36a9010 code [0x0000016dd36a9380, 0x0000016dd36aa2c8]
Event: 0.358 Thread 0x0000016df8ea7000  769       3       java.lang.StringLatin1::replace (196 bytes)
Event: 0.359 Thread 0x0000016df8ea7000 nmethod 769 0x0000016dd36aad10 code [0x0000016dd36aaf80, 0x0000016dd36abc18]
Event: 0.359 Thread 0x0000016df8ea7000  767       3       jdk.internal.org.objectweb.asm.MethodWriter::visitEnd (1 bytes)
Event: 0.359 Thread 0x0000016df8ea7000 nmethod 767 0x0000016dd36ac090 code [0x0000016dd36ac240, 0x0000016dd36ac338]
Event: 0.359 Thread 0x0000016df8ea7000  768       3       jdk.internal.org.objectweb.asm.MethodWriter::getSize (838 bytes)
Event: 0.360 Thread 0x0000016df8ea7000 nmethod 768 0x0000016dd36ac410 code [0x0000016dd36ac8c0, 0x0000016dd36ae888]
Event: 0.360 Thread 0x0000016df8ea7000  773       3       jdk.internal.org.objectweb.asm.Frame::initInputFrame (158 bytes)
Event: 0.360 Thread 0x0000016dfeb6a800  779       4       java.lang.AbstractStringBuilder::append (45 bytes)
Event: 0.360 Thread 0x0000016df8ea7000 nmethod 773 0x0000016dd36af610 code [0x0000016dd36af860, 0x0000016dd36b01e8]
Event: 0.360 Thread 0x0000016df8ea7000  770       3       java.util.Collections$UnmodifiableCollection$1::next (10 bytes)
Event: 0.360 Thread 0x0000016df8ea7000 nmethod 770 0x0000016dd36b0690 code [0x0000016dd36b0840, 0x0000016dd36b0a08]
Event: 0.360 Thread 0x0000016df8ea7000  774       3       java.lang.invoke.MethodType::listToArray (22 bytes)

GC Heap History (0 events):
No events

Deoptimization events (20 events):
Event: 0.119 Thread 0x0000016dca957800 Uncommon trap: trap_request=0xffffffbe fr.pc=0x0000016ddaab3934 relative=0x00000000000004f4
Event: 0.119 Thread 0x0000016dca957800 Uncommon trap: reason=profile_predicate action=maybe_recompile pc=0x0000016ddaab3934 method=jdk.internal.org.objectweb.asm.ByteVector.putUTF8(Ljava/lang/String;)Ljdk/internal/org/objectweb/asm/ByteVector; @ 77 c2
Event: 0.119 Thread 0x0000016dca957800 DEOPT PACKING pc=0x0000016ddaab3934 sp=0x0000006a46efa840
Event: 0.119 Thread 0x0000016dca957800 DEOPT UNPACKING pc=0x0000016dd2ff772f sp=0x0000006a46efa7c0 mode 2
Event: 0.119 Thread 0x0000016dca957800 Uncommon trap: trap_request=0xffffffbe fr.pc=0x0000016ddaab3934 relative=0x00000000000004f4
Event: 0.119 Thread 0x0000016dca957800 Uncommon trap: reason=profile_predicate action=maybe_recompile pc=0x0000016ddaab3934 method=jdk.internal.org.objectweb.asm.ByteVector.putUTF8(Ljava/lang/String;)Ljdk/internal/org/objectweb/asm/ByteVector; @ 77 c2
Event: 0.119 Thread 0x0000016dca957800 DEOPT PACKING pc=0x0000016ddaab3934 sp=0x0000006a46efa840
Event: 0.119 Thread 0x0000016dca957800 DEOPT UNPACKING pc=0x0000016dd2ff772f sp=0x0000006a46efa7c0 mode 2
Event: 0.119 Thread 0x0000016dca957800 Uncommon trap: trap_request=0xffffffbe fr.pc=0x0000016ddaab3934 relative=0x00000000000004f4
Event: 0.119 Thread 0x0000016dca957800 Uncommon trap: reason=profile_predicate action=maybe_recompile pc=0x0000016ddaab3934 method=jdk.internal.org.objectweb.asm.ByteVector.putUTF8(Ljava/lang/String;)Ljdk/internal/org/objectweb/asm/ByteVector; @ 77 c2
Event: 0.119 Thread 0x0000016dca957800 DEOPT PACKING pc=0x0000016ddaab3934 sp=0x0000006a46efa950
Event: 0.119 Thread 0x0000016dca957800 DEOPT UNPACKING pc=0x0000016dd2ff772f sp=0x0000006a46efa8d0 mode 2
Event: 0.119 Thread 0x0000016dca957800 Uncommon trap: trap_request=0xffffffbe fr.pc=0x0000016ddaab3934 relative=0x00000000000004f4
Event: 0.119 Thread 0x0000016dca957800 Uncommon trap: reason=profile_predicate action=maybe_recompile pc=0x0000016ddaab3934 method=jdk.internal.org.objectweb.asm.ByteVector.putUTF8(Ljava/lang/String;)Ljdk/internal/org/objectweb/asm/ByteVector; @ 77 c2
Event: 0.119 Thread 0x0000016dca957800 DEOPT PACKING pc=0x0000016ddaab3934 sp=0x0000006a46efa800
Event: 0.119 Thread 0x0000016dca957800 DEOPT UNPACKING pc=0x0000016dd2ff772f sp=0x0000006a46efa780 mode 2
Event: 0.355 Thread 0x0000016dca957800 Uncommon trap: trap_request=0xffffff4d fr.pc=0x0000016ddaac7d90 relative=0x00000000000004d0
Event: 0.355 Thread 0x0000016dca957800 Uncommon trap: reason=unstable_if action=reinterpret pc=0x0000016ddaac7d90 method=java.lang.StringLatin1.replace([BCC)Ljava/lang/String; @ 19 c2
Event: 0.355 Thread 0x0000016dca957800 DEOPT PACKING pc=0x0000016ddaac7d90 sp=0x0000006a46efb670
Event: 0.355 Thread 0x0000016dca957800 DEOPT UNPACKING pc=0x0000016dd2ff772f sp=0x0000006a46efb5e0 mode 2

Classes redefined (0 events):
No events

Internal exceptions (20 events):
Event: 0.121 Thread 0x0000016dca957800 Exception <a 'java/lang/NoSuchMethodError'{0x0000000621b0c100}: 'java.lang.Object java.lang.invoke.DirectMethodHandle$Holder.invokeSpecial(java.lang.Object, java.lang.Object, int, int, java.lang.Object, java.lang.Object, java.lang.Object)'> (0x0000000621b0c100) thrown at [./src/hotspot/share/interpreter/linkResolver.cpp, line 773]
Event: 0.121 Thread 0x0000016dca957800 Exception <a 'java/lang/NoSuchMethodError'{0x0000000621b0f690}: 'java.lang.Object java.lang.invoke.DelegatingMethodHandle$Holder.reinvoke_L(java.lang.Object, int, int, java.lang.Object, java.lang.Object, java.lang.Object)'> (0x0000000621b0f690) thrown at [./src/hotspot/share/interpreter/linkResolver.cpp, line 773]
Event: 0.121 Thread 0x0000016dca957800 Exception <a 'java/lang/NoSuchMethodError'{0x0000000621b13770}: 'java.lang.Object java.lang.invoke.DirectMethodHandle$Holder.invokeStatic(java.lang.Object, java.lang.Object, java.lang.Object, java.lang.Object, int)'> (0x0000000621b13770) thrown at [./src/hotspot/share/interpreter/linkResolver.cpp, line 773]
Event: 0.127 Thread 0x0000016dca957800 Exception <a 'java/io/FileNotFoundException'{0x0000000621b76590}> (0x0000000621b76590) thrown at [./src/hotspot/share/prims/jni.cpp, line 615]
Event: 0.157 Thread 0x0000016df948f000 Exception <a 'java/lang/NoSuchMethodError'{0x0000000621880840}: 'void java.lang.invoke.DirectMethodHandle$Holder.invokeSpecial(java.lang.Object, java.lang.Object)'> (0x0000000621880840) thrown at [./src/hotspot/share/interpreter/linkResolver.cpp, line 773]
Event: 0.159 Thread 0x0000016dca957800 Exception <a 'java/lang/NoSuchMethodError'{0x000000062182a0b8}: 'java.lang.Object java.lang.invoke.DirectMethodHandle$Holder.invokeStatic(java.lang.Object, java.lang.Object, java.lang.Object, java.lang.Object, java.lang.Object, java.lang.Object, java.lang.Object, java.lang.Object, int)'> (0x000000062182a0b8) thrown at [./src/hotspot/share/interpreter/linkResolver.cpp, line 773]
Event: 0.160 Thread 0x0000016dca957800 Exception <a 'java/lang/NoSuchMethodError'{0x0000000621844018}: 'java.lang.Object java.lang.invoke.DirectMethodHandle$Holder.invokeStatic(java.lang.Object, java.lang.Object, java.lang.Object, java.lang.Object, java.lang.Object, java.lang.Object, java.lang.Object, java.lang.Object, int, int)'> (0x0000000621844018) thrown at [./src/hotspot/share/interpreter/linkResolver.cpp, line 773]
Event: 0.288 Thread 0x0000016dca957800 Exception <a 'java/lang/NoSuchMethodError'{0x00000006219d6f88}: 'java.lang.Object java.lang.invoke.DirectMethodHandle$Holder.invokeStatic(java.lang.Object, int, java.lang.Object, java.lang.Object, java.lang.Object, java.lang.Object)'> (0x00000006219d6f88) thrown at [./src/hotspot/share/interpreter/linkResolver.cpp, line 773]
Event: 0.289 Thread 0x0000016dca957800 Exception <a 'java/lang/NoSuchMethodError'{0x00000006219de048}: 'java.lang.Object java.lang.invoke.DirectMethodHandle$Holder.invokeStatic(java.lang.Object, int, java.lang.Object, java.lang.Object, java.lang.Object)'> (0x00000006219de048) thrown at [./src/hotspot/share/interpreter/linkResolver.cpp, line 773]
Event: 0.289 Thread 0x0000016dca957800 Exception <a 'java/lang/NoSuchMethodError'{0x00000006219e1b90}: 'java.lang.Object java.lang.invoke.DirectMethodHandle$Holder.invokeSpecial(java.lang.Object, java.lang.Object, int, java.lang.Object, java.lang.Object, java.lang.Object)'> (0x00000006219e1b90) thrown at [./src/hotspot/share/interpreter/linkResolver.cpp, line 773]
Event: 0.290 Thread 0x0000016dca957800 Exception <a 'java/lang/NoSuchMethodError'{0x00000006219f96b0}: 'java.lang.Object java.lang.invoke.DirectMethodHandle$Holder.invokeStatic(java.lang.Object, int, java.lang.Object)'> (0x00000006219f96b0) thrown at [./src/hotspot/share/interpreter/linkResolver.cpp, line 773]
Event: 0.301 Thread 0x0000016dca957800 Exception <a 'java/lang/ClassNotFoundException'{0x00000006216a4100}: com/sun/swing/internal/plaf/metal/resources/spi/metalProvider> (0x00000006216a4100) thrown at [./src/hotspot/share/classfile/systemDictionary.cpp, line 231]
Event: 0.301 Thread 0x0000016dca957800 Exception <a 'java/lang/ClassNotFoundException'{0x00000006216a9038}: com/sun/swing/internal/plaf/basic/resources/spi/basicProvider> (0x00000006216a9038) thrown at [./src/hotspot/share/classfile/systemDictionary.cpp, line 231]
Event: 0.334 Thread 0x0000016dca957800 Exception <a 'java/lang/NoSuchMethodError'{0x0000000621760e80}: 'void java.lang.invoke.DirectMethodHandle$Holder.invokeStaticInit(java.lang.Object)'> (0x0000000621760e80) thrown at [./src/hotspot/share/interpreter/linkResolver.cpp, line 773]
Event: 0.342 Thread 0x0000016dca957800 Exception <a 'java/io/FileNotFoundException'{0x0000000621770ac8}> (0x0000000621770ac8) thrown at [./src/hotspot/share/prims/jni.cpp, line 615]
Event: 0.342 Thread 0x0000016dca957800 Exception <a 'java/security/PrivilegedActionException'{0x00000006217ec518}> (0x00000006217ec518) thrown at [./src/hotspot/share/prims/jvm.cpp, line 1297]
Event: 0.358 Thread 0x0000016dca957800 Exception <a 'java/lang/NoSuchMethodError'{0x000000062152b650}: 'java.lang.Object java.lang.invoke.DirectMethodHandle$Holder.invokeStatic(java.lang.Object, java.lang.Object, java.lang.Object, java.lang.Object, java.lang.Object, java.lang.Object, java.lang.Object, java.lang.Object, java.lang.Object, java.lang.Object, java.lang.Object, int)'> (0x000000062152b650) thrown at [./src/hotspot/share/interpreter/linkResolver.cpp, line 773]
Event: 0.359 Thread 0x0000016dca957800 Exception <a 'java/lang/NoSuchMethodError'{0x0000000621549858}: 'java.lang.Object java.lang.invoke.DirectMethodHandle$Holder.invokeStatic(java.lang.Object, java.lang.Object, java.lang.Object, java.lang.Object, java.lang.Object, java.lang.Object, java.lang.Object, java.lang.Object, java.lang.Object, java.lang.Object, java.lang.Object, int, int)'> (0x0000000621549858) thrown at [./src/hotspot/share/interpreter/linkResolver.cpp, line 773]
Event: 0.360 Thread 0x0000016dca957800 Exception <a 'java/lang/NoSuchMethodError'{0x00000006215687f0}: 'java.lang.Object java.lang.invoke.DirectMethodHandle$Holder.invokeStatic(java.lang.Object, java.lang.Object, java.lang.Object, java.lang.Object, java.lang.Object, java.lang.Object, java.lang.Object, java.lang.Object, java.lang.Object, java.lang.Object, java.lang.Object, int, int, java.lang.Object)'> (0x00000006215687f0) thrown at [./src/hotspot/share/interpreter/linkResolver.cpp, line 773]
Event: 0.360 Thread 0x0000016dca957800 Exception <a 'java/lang/NoSuchMethodError'{0x0000000621574b90}: 'java.lang.Object java.lang.invoke.Invokers$Holder.linkToTargetMethod(java.lang.Object, int, java.lang.Object)'> (0x0000000621574b90) thrown at [./src/hotspot/share/interpreter/linkResolver.cpp, line 773]

Events (20 events):
Event: 0.356 loading class sun/awt/AWTCharset$Encoder done
Event: 0.356 loading class sun/awt/windows/WDefaultFontCharset$Encoder done
Event: 0.356 loading class sun/nio/cs/SingleByte$Encoder
Event: 0.356 loading class sun/nio/cs/SingleByte$Encoder done
Event: 0.356 loading class java/io/ByteArrayOutputStream
Event: 0.356 loading class java/io/ByteArrayOutputStream done
Event: 0.356 loading class sun/awt/windows/WingDings
Event: 0.356 loading class sun/awt/windows/WingDings done
Event: 0.356 loading class sun/awt/windows/WingDings$Encoder
Event: 0.356 loading class sun/awt/windows/WingDings$Encoder done
Event: 0.357 loading class sun/awt/Symbol
Event: 0.357 loading class sun/awt/Symbol done
Event: 0.357 loading class sun/awt/Symbol$Encoder
Event: 0.357 loading class sun/awt/Symbol$Encoder done
Event: 0.358 loading class java/lang/invoke/BoundMethodHandle$Species_LLLLLLLLI
Event: 0.358 loading class java/lang/invoke/BoundMethodHandle$Species_LLLLLLLLI done
Event: 0.359 loading class java/lang/invoke/BoundMethodHandle$Species_LLLLLLLLII
Event: 0.359 loading class java/lang/invoke/BoundMethodHandle$Species_LLLLLLLLII done
Event: 0.360 loading class java/lang/invoke/BoundMethodHandle$Species_LLLLLLLLIIL
Event: 0.360 loading class java/lang/invoke/BoundMethodHandle$Species_LLLLLLLLIIL done


Dynamic libraries:
0x00007ff7e6260000 - 0x00007ff7e626d000 	C:\Users\odori\OneDrive\ÉfÉXÉNÉgÉbÉv\pleiades\eclipse\jre\bin\javaw.exe
0x00007ffde6dd0000 - 0x00007ffde6fc6000 	C:\windows\SYSTEM32\ntdll.dll
0x00007ffde5090000 - 0x00007ffde514d000 	C:\windows\System32\KERNEL32.DLL
0x00007ffde46a0000 - 0x00007ffde4968000 	C:\windows\System32\KERNELBASE.dll
0x00007ffde4b30000 - 0x00007ffde4c30000 	C:\windows\System32\ucrtbase.dll
0x00007ffdcffe0000 - 0x00007ffdcfff5000 	C:\Users\odori\OneDrive\ÉfÉXÉNÉgÉbÉv\pleiades\eclipse\jre\bin\VCRUNTIME140.dll
0x00007ffdd74c0000 - 0x00007ffdd74d7000 	C:\Users\odori\OneDrive\ÉfÉXÉNÉgÉbÉv\pleiades\eclipse\jre\bin\jli.dll
0x00007ffde51d0000 - 0x00007ffde5370000 	C:\windows\System32\USER32.dll
0x00007ffde45a0000 - 0x00007ffde45c2000 	C:\windows\System32\win32u.dll
0x00007ffde54e0000 - 0x00007ffde550a000 	C:\windows\System32\GDI32.dll
0x00007ffdcdb30000 - 0x00007ffdcddcb000 	C:\windows\WinSxS\amd64_microsoft.windows.common-controls_6595b64144ccf1df_6.0.19041.488_none_ca04af081b815d21\COMCTL32.dll
0x00007ffde4970000 - 0x00007ffde4a79000 	C:\windows\System32\gdi32full.dll
0x00007ffde57d0000 - 0x00007ffde586e000 	C:\windows\System32\msvcrt.dll
0x00007ffde4d90000 - 0x00007ffde4e2d000 	C:\windows\System32\msvcp_win.dll
0x00007ffde5060000 - 0x00007ffde5090000 	C:\windows\System32\IMM32.DLL
0x00007ffdcf9b0000 - 0x00007ffdcfa4b000 	C:\Users\odori\OneDrive\ÉfÉXÉNÉgÉbÉv\pleiades\eclipse\jre\bin\msvcp140.dll
0x00007ffd8bea0000 - 0x00007ffd8c95d000 	C:\Users\odori\OneDrive\ÉfÉXÉNÉgÉbÉv\pleiades\eclipse\jre\bin\server\jvm.dll
0x00007ffde6810000 - 0x00007ffde68bc000 	C:\windows\System32\ADVAPI32.dll
0x00007ffde56c0000 - 0x00007ffde575b000 	C:\windows\System32\sechost.dll
0x00007ffde6320000 - 0x00007ffde6444000 	C:\windows\System32\RPCRT4.dll
0x00007ffde4f60000 - 0x00007ffde4f68000 	C:\windows\System32\PSAPI.DLL
0x00007ffdde270000 - 0x00007ffdde27a000 	C:\windows\SYSTEM32\VERSION.dll
0x00007ffdd8d10000 - 0x00007ffdd8d37000 	C:\windows\SYSTEM32\WINMM.dll
0x00007ffde1df0000 - 0x00007ffde1df9000 	C:\windows\SYSTEM32\WSOCK32.dll
0x00007ffde5760000 - 0x00007ffde57cb000 	C:\windows\System32\WS2_32.dll
0x00007ffde2480000 - 0x00007ffde2492000 	C:\windows\SYSTEM32\kernel.appcore.dll
0x00007ffde0070000 - 0x00007ffde0080000 	C:\Users\odori\OneDrive\ÉfÉXÉNÉgÉbÉv\pleiades\eclipse\jre\bin\verify.dll
0x00007ffdc7790000 - 0x00007ffdc7974000 	C:\windows\SYSTEM32\DBGHELP.DLL
0x00007ffdc6ea0000 - 0x00007ffdc6ecc000 	C:\windows\SYSTEM32\dbgcore.DLL
0x00007ffde45d0000 - 0x00007ffde464f000 	C:\windows\System32\bcryptPrimitives.dll
0x00007ffdd7b90000 - 0x00007ffdd7bb8000 	C:\Users\odori\OneDrive\ÉfÉXÉNÉgÉbÉv\pleiades\eclipse\jre\bin\java.dll
0x00007ffde0060000 - 0x00007ffde006a000 	C:\Users\odori\OneDrive\ÉfÉXÉNÉgÉbÉv\pleiades\eclipse\jre\bin\jimage.dll
0x00007ffdd0640000 - 0x00007ffdd0657000 	C:\Users\odori\OneDrive\ÉfÉXÉNÉgÉbÉv\pleiades\eclipse\jre\bin\zip.dll
0x00007ffde5bd0000 - 0x00007ffde6311000 	C:\windows\System32\SHELL32.dll
0x00007ffde2680000 - 0x00007ffde2e15000 	C:\windows\SYSTEM32\windows.storage.dll
0x00007ffde64b0000 - 0x00007ffde6805000 	C:\windows\System32\combase.dll
0x00007ffde3f80000 - 0x00007ffde3fac000 	C:\windows\SYSTEM32\Wldp.dll
0x00007ffde5870000 - 0x00007ffde591e000 	C:\windows\System32\SHCORE.dll
0x00007ffde6450000 - 0x00007ffde64a5000 	C:\windows\System32\shlwapi.dll
0x00007ffde4440000 - 0x00007ffde4466000 	C:\windows\SYSTEM32\profapi.dll
0x00007ffdd0620000 - 0x00007ffdd0639000 	C:\Users\odori\OneDrive\ÉfÉXÉNÉgÉbÉv\pleiades\eclipse\jre\bin\net.dll
0x00007ffdd72a0000 - 0x00007ffdd73a0000 	C:\windows\SYSTEM32\WINHTTP.dll
0x00007ffde3d00000 - 0x00007ffde3d6a000 	C:\windows\system32\mswsock.dll
0x00007ffdd0600000 - 0x00007ffdd0612000 	C:\Users\odori\OneDrive\ÉfÉXÉNÉgÉbÉv\pleiades\eclipse\jre\bin\nio.dll
0x00007ffdb0350000 - 0x00007ffdb04e9000 	C:\Users\odori\OneDrive\ÉfÉXÉNÉgÉbÉv\pleiades\eclipse\jre\bin\awt.dll
0x00007ffde5b00000 - 0x00007ffde5bcd000 	C:\windows\System32\OLEAUT32.dll
0x00007ffde1e30000 - 0x00007ffde1ec0000 	C:\windows\SYSTEM32\apphelp.dll
0x00007ffde22a0000 - 0x00007ffde22cf000 	C:\windows\system32\DWMAPI.DLL
0x00007ffde1fc0000 - 0x00007ffde205e000 	C:\windows\system32\uxtheme.dll
0x00007ffda1230000 - 0x00007ffda1355000 	C:\windows\system32\opengl32.dll
0x00007ffdb2fb0000 - 0x00007ffdb2fdc000 	C:\windows\SYSTEM32\GLU32.dll
0x00007ffde4e40000 - 0x00007ffde4f55000 	C:\windows\System32\MSCTF.dll
0x00007ffde5920000 - 0x00007ffde5a4a000 	C:\windows\System32\ole32.dll
0x00007ffdcf520000 - 0x00007ffdcf6ee000 	C:\windows\system32\d3d9.dll
0x00007ffdd9ae0000 - 0x00007ffdd9be2000 	C:\windows\System32\DriverStore\FileRepository\nvhdci.inf_amd64_7e74ccc31b561302\nvldumdx.dll
0x00007ffde4100000 - 0x00007ffde4112000 	C:\windows\SYSTEM32\msasn1.dll
0x00007ffdd9aa0000 - 0x00007ffdd9ad1000 	C:\windows\SYSTEM32\cryptnet.dll
0x00007ffde4c30000 - 0x00007ffde4d8d000 	C:\windows\System32\CRYPT32.dll
0x00007ffde3ef0000 - 0x00007ffde3efc000 	C:\windows\SYSTEM32\cryptbase.dll
0x00007ffde4540000 - 0x00007ffde45a0000 	C:\windows\System32\WINTRUST.DLL
0x00007ffde51b0000 - 0x00007ffde51cd000 	C:\windows\System32\imagehlp.dll
0x00007ffde3ed0000 - 0x00007ffde3ee8000 	C:\windows\SYSTEM32\CRYPTSP.dll
0x00007ffde3620000 - 0x00007ffde3654000 	C:\windows\system32\rsaenh.dll
0x00007ffde4510000 - 0x00007ffde4537000 	C:\windows\System32\bcrypt.dll
0x00007ffda68b0000 - 0x00007ffda82cc000 	C:\windows\System32\DriverStore\FileRepository\nvhdci.inf_amd64_7e74ccc31b561302\nvd3dumx.dll
0x00007ffdad6c0000 - 0x00007ffdad979000 	C:\windows\system32\nvspcap64.dll
0x00007ffde3250000 - 0x00007ffde3283000 	C:\windows\SYSTEM32\ntmarta.dll
0x00007ffde2e30000 - 0x00007ffde2e53000 	C:\windows\SYSTEM32\gpapi.dll
0x00007ffddc630000 - 0x00007ffddc66b000 	C:\windows\SYSTEM32\dxcore.dll
0x00007ffde4650000 - 0x00007ffde469e000 	C:\windows\System32\cfgmgr32.dll
0x00007ffdcfd80000 - 0x00007ffdcfe02000 	C:\Users\odori\OneDrive\ÉfÉXÉNÉgÉbÉv\pleiades\eclipse\jre\bin\freetype.dll
0x00007ffdb4360000 - 0x00007ffdb4406000 	C:\Users\odori\OneDrive\ÉfÉXÉNÉgÉbÉv\pleiades\eclipse\jre\bin\fontmanager.dll

dbghelp: loaded successfully - version: 4.0.5 - missing functions: none
symbol engine: initialized successfully - sym options: 0x614 - pdb path: .;C:\Users\odori\OneDrive\ÉfÉXÉNÉgÉbÉv\pleiades\eclipse\jre\bin;C:\windows\SYSTEM32;C:\windows\WinSxS\amd64_microsoft.windows.common-controls_6595b64144ccf1df_6.0.19041.488_none_ca04af081b815d21;C:\Users\odori\OneDrive\ÉfÉXÉNÉgÉbÉv\pleiades\eclipse\jr;C:\Users\odori\OneDrive\ÉfÉXÉNÉgÉbÉv\pleiades\ecli;C:\Users\odori\OneDrive\ÉfÉXÉNÉgÉbÉv\pleiade;C:\Users\odori\OneDrive\ÉfÉXÉNÉgÉbÉv\p;C:\Users\odori\OneDrive\ÉfÉXÉNÉg;C:\Users\odori\OneDrive\ÉfÉX;C:\Users\odori\OneDrive\Éf;C:\Users\odori\OneDrive\ÅEC:\Users\odori\OneDrive\ÉfÉXÉNÉgÉbÉv\pleiades\eclipse\jre\bin\server;C:\windows\System32\DriverStore\File;C:\Users\odori\OneDrive\ÉfÉXÉNÉgÉbÉv\pleiades\eclipse\jre\bin\server;C:\windows\System32\DriverStor

VM Arguments:
jvm_args: -Dfile.encoding=UTF-8 
java_command: work2.MySweeper
java_class_path (initial): C:\Users\odori\OneDrive\ÉfÉXÉNÉgÉbÉv\pleiades\workspace\work2\bin
Launcher Type: SUN_STANDARD

[Global flags]
     intx CICompilerCount                          = 4                                         {product} {ergonomic}
     uint ConcGCThreads                            = 2                                         {product} {ergonomic}
     uint G1ConcRefinementThreads                  = 8                                         {product} {ergonomic}
   size_t G1HeapRegionSize                         = 2097152                                   {product} {ergonomic}
    uintx GCDrainStackTargetSize                   = 64                                        {product} {ergonomic}
   size_t InitialHeapSize                          = 536870912                                 {product} {ergonomic}
   size_t MarkStackSize                            = 4194304                                   {product} {ergonomic}
   size_t MaxHeapSize                              = 8558477312                                {product} {ergonomic}
   size_t MaxNewSize                               = 5133828096                                {product} {ergonomic}
   size_t MinHeapDeltaBytes                        = 2097152                                   {product} {ergonomic}
    uintx NonNMethodCodeHeapSize                   = 5836300                                {pd product} {ergonomic}
    uintx NonProfiledCodeHeapSize                  = 122910970                              {pd product} {ergonomic}
    uintx ProfiledCodeHeapSize                     = 122910970                              {pd product} {ergonomic}
    uintx ReservedCodeCacheSize                    = 251658240                              {pd product} {ergonomic}
     bool SegmentedCodeCache                       = true                                      {product} {ergonomic}
     bool UseCompressedClassPointers               = true                                 {lp64_product} {ergonomic}
     bool UseCompressedOops                        = true                                 {lp64_product} {ergonomic}
     bool UseG1GC                                  = true                                      {product} {ergonomic}
     bool UseLargePagesIndividualAllocation        = false                                  {pd product} {ergonomic}

Logging:
Log output configuration:
 #0: stdout all=warning uptime,level,tags
 #1: stderr all=off uptime,level,tags

Environment Variables:
PATH=C:/Users/odori/OneDrive/ÉfÉXÉNÉgÉbÉv/pleiades/eclipse//jre/bin/server;C:/Users/odori/OneDrive/ÉfÉXÉNÉgÉbÉv/pleiades/eclipse//jre/bin;C:\Program Files (x86)\Common Files\Oracle\Java\javapath;C:\windows\system32;C:\windows;C:\windows\System32\Wbem;C:\windows\System32\WindowsPowerShell\v1.0\;C:\windows\System32\OpenSSH\;C:\Program Files (x86)\NVIDIA Corporation\PhysX\Common;C:\Program Files\NVIDIA Corporation\NVIDIA NvDLISR;C:\Program Files\MySQL\MySQL Server 8.0\bin;C:\Program Files\Git\cmd;C:\Users\odori\AppData\Local\Microsoft\WindowsApps;C:\Users\odori\AppData\Local\atom\bin;C:\Users\odori\OneDrive\ÉfÉXÉNÉgÉbÉv\pleiades\eclipse;
USERNAME=odori
OS=Windows_NT
PROCESSOR_IDENTIFIER=Intel64 Family 6 Model 158 Stepping 13, GenuineIntel



---------------  S Y S T E M  ---------------

OS: Windows 10 , 64 bit Build 19041 (10.0.19041.546)
OS uptime: 1 days 22:13 hours

CPU:total 8 (initial active 8) (8 cores per cpu, 1 threads per core) family 6 model 158 stepping 13, cmov, cx8, fxsr, mmx, sse, sse2, sse3, ssse3, sse4.1, sse4.2, popcnt, avx, avx2, aes, clmul, erms, 3dnowpref, lzcnt, tsc, tscinvbit, bmi1, bmi2, adx, fma

Memory: 4k page, system-wide physical 32641M (24585M free)
TotalPageFile size 37505M (AvailPageFile size 26639M)
current process WorkingSet (physical memory assigned to process): 92M, peak: 93M
current process commit charge ("private bytes"): 638M, peak: 641M

vm_info: OpenJDK 64-Bit Server VM (11.0.8+10) for windows-amd64 JRE (11.0.8+10), built on Jul 15 2020 11:45:54 by "" with MS VC++ 15.9 (VS2017)

END.
